12-Jul-2019 09:16:18.527 INFO [main] org.apache.catalina.startup.VersionLoggerListener.log Server version:        Apache Tomcat/8.5.38
12-Jul-2019 09:16:18.529 INFO [main] org.apache.catalina.startup.VersionLoggerListener.log Server built:          Feb 5 2019 11:42:42 UTC
12-Jul-2019 09:16:18.529 INFO [main] org.apache.catalina.startup.VersionLoggerListener.log Server number:         8.5.38.0
12-Jul-2019 09:16:18.529 INFO [main] org.apache.catalina.startup.VersionLoggerListener.log OS Name:               Mac OS X
12-Jul-2019 09:16:18.529 INFO [main] org.apache.catalina.startup.VersionLoggerListener.log OS Version:            10.13.6
12-Jul-2019 09:16:18.529 INFO [main] org.apache.catalina.startup.VersionLoggerListener.log Architecture:          x86_64
12-Jul-2019 09:16:18.529 INFO [main] org.apache.catalina.startup.VersionLoggerListener.log Java Home:             /Library/Java/JavaVirtualMachines/jdk1.8.0_191.jdk/Contents/Home/jre
12-Jul-2019 09:16:18.529 INFO [main] org.apache.catalina.startup.VersionLoggerListener.log JVM Version:           1.8.0_191-b12
12-Jul-2019 09:16:18.529 INFO [main] org.apache.catalina.startup.VersionLoggerListener.log JVM Vendor:            Oracle Corporation
12-Jul-2019 09:16:18.529 INFO [main] org.apache.catalina.startup.VersionLoggerListener.log CATALINA_BASE:         /Users/alvin/Documents/workspace/apache-tomcat-8.5.38
12-Jul-2019 09:16:18.529 INFO [main] org.apache.catalina.startup.VersionLoggerListener.log CATALINA_HOME:         /Users/alvin/Documents/workspace/apache-tomcat-8.5.38
12-Jul-2019 09:16:18.530 INFO [main] org.apache.catalina.startup.VersionLoggerListener.log Command line argument: -Djava.util.logging.config.file=/Users/alvin/Documents/workspace/apache-tomcat-8.5.38/conf/logging.properties
12-Jul-2019 09:16:18.530 INFO [main] org.apache.catalina.startup.VersionLoggerListener.log Command line argument: -Djava.util.logging.manager=org.apache.juli.ClassLoaderLogManager
12-Jul-2019 09:16:18.530 INFO [main] org.apache.catalina.startup.VersionLoggerListener.log Command line argument: -Djdk.tls.ephemeralDHKeySize=2048
12-Jul-2019 09:16:18.530 INFO [main] org.apache.catalina.startup.VersionLoggerListener.log Command line argument: -Djava.protocol.handler.pkgs=org.apache.catalina.webresources
12-Jul-2019 09:16:18.530 INFO [main] org.apache.catalina.startup.VersionLoggerListener.log Command line argument: -Dorg.apache.catalina.security.SecurityListener.UMASK=0027
12-Jul-2019 09:16:18.530 INFO [main] org.apache.catalina.startup.VersionLoggerListener.log Command line argument: -Dignore.endorsed.dirs=
12-Jul-2019 09:16:18.530 INFO [main] org.apache.catalina.startup.VersionLoggerListener.log Command line argument: -Dcatalina.base=/Users/alvin/Documents/workspace/apache-tomcat-8.5.38
12-Jul-2019 09:16:18.531 INFO [main] org.apache.catalina.startup.VersionLoggerListener.log Command line argument: -Dcatalina.home=/Users/alvin/Documents/workspace/apache-tomcat-8.5.38
12-Jul-2019 09:16:18.531 INFO [main] org.apache.catalina.startup.VersionLoggerListener.log Command line argument: -Djava.io.tmpdir=/Users/alvin/Documents/workspace/apache-tomcat-8.5.38/temp
12-Jul-2019 09:16:18.531 INFO [main] org.apache.catalina.core.AprLifecycleListener.lifecycleEvent The APR based Apache Tomcat Native library which allows optimal performance in production environments was not found on the java.library.path: [/Users/alvin/Library/Java/Extensions:/Library/Java/Extensions:/Network/Library/Java/Extensions:/System/Library/Java/Extensions:/usr/lib/java:.]
12-Jul-2019 09:16:18.609 INFO [main] org.apache.coyote.AbstractProtocol.init Initializing ProtocolHandler ["http-nio-8080"]
12-Jul-2019 09:16:18.627 INFO [main] org.apache.tomcat.util.net.NioSelectorPool.getSharedSelector Using a shared selector for servlet write/read
12-Jul-2019 09:16:18.635 INFO [main] org.apache.coyote.AbstractProtocol.init Initializing ProtocolHandler ["ajp-nio-8009"]
12-Jul-2019 09:16:18.636 INFO [main] org.apache.tomcat.util.net.NioSelectorPool.getSharedSelector Using a shared selector for servlet write/read
12-Jul-2019 09:16:18.636 INFO [main] org.apache.catalina.startup.Catalina.load Initialization processed in 346 ms
12-Jul-2019 09:16:18.654 INFO [main] org.apache.catalina.core.StandardService.startInternal Starting service [Catalina]
12-Jul-2019 09:16:18.655 INFO [main] org.apache.catalina.core.StandardEngine.startInternal Starting Servlet Engine: Apache Tomcat/8.5.38
12-Jul-2019 09:16:18.661 INFO [localhost-startStop-1] org.apache.catalina.startup.HostConfig.deployDirectory Deploying web application directory [/Users/alvin/Documents/workspace/apache-tomcat-8.5.38/webapps/docs]
12-Jul-2019 09:16:18.838 INFO [localhost-startStop-1] org.apache.catalina.startup.HostConfig.deployDirectory Deployment of web application directory [/Users/alvin/Documents/workspace/apache-tomcat-8.5.38/webapps/docs] has finished in [178] ms
12-Jul-2019 09:16:18.838 INFO [localhost-startStop-1] org.apache.catalina.startup.HostConfig.deployDirectory Deploying web application directory [/Users/alvin/Documents/workspace/apache-tomcat-8.5.38/webapps/manager]
12-Jul-2019 09:16:18.860 INFO [localhost-startStop-1] org.apache.catalina.startup.HostConfig.deployDirectory Deployment of web application directory [/Users/alvin/Documents/workspace/apache-tomcat-8.5.38/webapps/manager] has finished in [22] ms
12-Jul-2019 09:16:18.860 INFO [localhost-startStop-1] org.apache.catalina.startup.HostConfig.deployDirectory Deploying web application directory [/Users/alvin/Documents/workspace/apache-tomcat-8.5.38/webapps/examples]
12-Jul-2019 09:16:19.054 INFO [localhost-startStop-1] org.apache.catalina.startup.HostConfig.deployDirectory Deployment of web application directory [/Users/alvin/Documents/workspace/apache-tomcat-8.5.38/webapps/examples] has finished in [193] ms
12-Jul-2019 09:16:19.054 INFO [localhost-startStop-1] org.apache.catalina.startup.HostConfig.deployDirectory Deploying web application directory [/Users/alvin/Documents/workspace/apache-tomcat-8.5.38/webapps/ROOT]
12-Jul-2019 09:16:19.062 INFO [localhost-startStop-1] org.apache.catalina.startup.HostConfig.deployDirectory Deployment of web application directory [/Users/alvin/Documents/workspace/apache-tomcat-8.5.38/webapps/ROOT] has finished in [8] ms
12-Jul-2019 09:16:19.062 INFO [localhost-startStop-1] org.apache.catalina.startup.HostConfig.deployDirectory Deploying web application directory [/Users/alvin/Documents/workspace/apache-tomcat-8.5.38/webapps/host-manager]
12-Jul-2019 09:16:19.074 INFO [localhost-startStop-1] org.apache.catalina.startup.HostConfig.deployDirectory Deployment of web application directory [/Users/alvin/Documents/workspace/apache-tomcat-8.5.38/webapps/host-manager] has finished in [12] ms
12-Jul-2019 09:16:19.076 INFO [main] org.apache.coyote.AbstractProtocol.start Starting ProtocolHandler ["http-nio-8080"]
12-Jul-2019 09:16:19.081 INFO [main] org.apache.coyote.AbstractProtocol.start Starting ProtocolHandler ["ajp-nio-8009"]
12-Jul-2019 09:16:19.082 INFO [main] org.apache.catalina.startup.Catalina.start Server startup in 446 ms
12-Jul-2019 09:16:47.629 INFO [main] org.apache.catalina.core.StandardServer.await A valid shutdown command was received via the shutdown port. Stopping the Server instance.
12-Jul-2019 09:16:47.630 INFO [main] org.apache.coyote.AbstractProtocol.pause Pausing ProtocolHandler ["http-nio-8080"]
12-Jul-2019 09:16:49.635 INFO [main] org.apache.coyote.AbstractProtocol.pause Pausing ProtocolHandler ["ajp-nio-8009"]
12-Jul-2019 09:16:51.637 INFO [main] org.apache.catalina.core.StandardService.stopInternal Stopping service [Catalina]
12-Jul-2019 09:16:51.654 INFO [main] org.apache.coyote.AbstractProtocol.stop Stopping ProtocolHandler ["http-nio-8080"]
12-Jul-2019 09:16:53.661 INFO [main] org.apache.coyote.AbstractProtocol.stop Stopping ProtocolHandler ["ajp-nio-8009"]
12-Jul-2019 09:16:55.665 INFO [main] org.apache.coyote.AbstractProtocol.destroy Destroying ProtocolHandler ["http-nio-8080"]
12-Jul-2019 09:16:55.666 INFO [main] org.apache.coyote.AbstractProtocol.destroy Destroying ProtocolHandler ["ajp-nio-8009"]
12-Jul-2019 09:16:55.668 SEVERE [main] org.apache.catalina.core.StandardService.destroyInternal Failed to destroy connector [Connector[AJP/1.3-8009]]
 org.apache.catalina.LifecycleException: Failed to destroy component [Connector[AJP/1.3-8009]]
	at org.apache.catalina.util.LifecycleBase.destroy(LifecycleBase.java:302)
	at org.apache.catalina.core.StandardService.destroyInternal(StandardService.java:574)
	at org.apache.catalina.util.LifecycleBase.destroy(LifecycleBase.java:297)
	at org.apache.catalina.core.StandardServer.destroyInternal(StandardServer.java:883)
	at org.apache.catalina.util.LifecycleBase.destroy(LifecycleBase.java:297)
	at org.apache.catalina.startup.Catalina.stop(Catalina.java:762)
	at org.apache.catalina.startup.Catalina.start(Catalina.java:723)
	at sun.reflect.NativeMethodAccessorImpl.invoke0(Native Method)
	at sun.reflect.NativeMethodAccessorImpl.invoke(NativeMethodAccessorImpl.java:62)
	at sun.reflect.DelegatingMethodAccessorImpl.invoke(DelegatingMethodAccessorImpl.java:43)
	at java.lang.reflect.Method.invoke(Method.java:498)
	at org.apache.catalina.startup.Bootstrap.start(Bootstrap.java:353)
	at org.apache.catalina.startup.Bootstrap.main(Bootstrap.java:493)
Caused by: org.apache.catalina.LifecycleException: Protocol handler destroy failed
	at org.apache.catalina.connector.Connector.destroyInternal(Connector.java:1050)
	at org.apache.catalina.util.LifecycleBase.destroy(LifecycleBase.java:297)
	... 12 more
Caused by: java.io.IOException: Thread signal failed
	at sun.nio.ch.NativeThread.signal(Native Method)
	at sun.nio.ch.ServerSocketChannelImpl.implCloseSelectableChannel(ServerSocketChannelImpl.java:292)
	at java.nio.channels.spi.AbstractSelectableChannel.implCloseChannel(AbstractSelectableChannel.java:234)
	at java.nio.channels.spi.AbstractInterruptibleChannel.close(AbstractInterruptibleChannel.java:115)
	at sun.nio.ch.ServerSocketAdaptor.close(ServerSocketAdaptor.java:137)
	at org.apache.tomcat.util.net.NioEndpoint.doCloseServerSocket(NioEndpoint.java:348)
	at org.apache.tomcat.util.net.NioEndpoint.unbind(NioEndpoint.java:331)
	at org.apache.tomcat.util.net.AbstractEndpoint.destroy(AbstractEndpoint.java:1220)
	at org.apache.coyote.AbstractProtocol.destroy(AbstractProtocol.java:647)
	at org.apache.catalina.connector.Connector.destroyInternal(Connector.java:1048)
	... 13 more

